<?xml version="1.0" encoding="UTF-8"?>
<testng-results skipped="1" failed="0" total="1" passed="0">
  <reporter-output>
  </reporter-output>
  <suite name="Suite" duration-ms="132" started-at="2018-06-03T07:23:20Z" finished-at="2018-06-03T07:23:20Z">
    <groups>
    </groups>
    <test name="Test" duration-ms="132" started-at="2018-06-03T07:23:20Z" finished-at="2018-06-03T07:23:20Z">
      <class name="fb_gmail_TC.Fb_Gmail_TC">
        <test-method status="FAIL" signature="beforeMethod(java.lang.String, int, java.lang.String)[pri:0, instance:fb_gmail_TC.Fb_Gmail_TC@1753acfe]" name="beforeMethod" is-config="true" duration-ms="0" started-at="2018-06-03T12:53:20Z" finished-at="2018-06-03T12:53:20Z">
          <exception class="org.testng.TestNGException">
            <message>
              <![CDATA[
Method beforeMethod requires 3 parameters but 0 were supplied in the @Configuration annotation.]]>
            </message>
            <full-stacktrace>
              <![CDATA[org.testng.TestNGException: 
Method beforeMethod requires 3 parameters but 0 were supplied in the @Configuration annotation.
	at org.testng.internal.Parameters.checkParameterTypes(Parameters.java:198)
	at org.testng.internal.Parameters.createParameters(Parameters.java:134)
	at org.testng.internal.Parameters.createParameters(Parameters.java:370)
	at org.testng.internal.Parameters.createConfigurationParameters(Parameters.java:86)
	at org.testng.internal.Invoker.invokeConfigurations(Invoker.java:199)
	at org.testng.internal.Invoker.invokeMethod(Invoker.java:653)
	at org.testng.internal.Invoker.invokeTestMethod(Invoker.java:901)
	at org.testng.internal.Invoker.invokeTestMethods(Invoker.java:1231)
	at org.testng.internal.TestMethodWorker.invokeTestMethods(TestMethodWorker.java:127)
	at org.testng.internal.TestMethodWorker.run(TestMethodWorker.java:111)
	at org.testng.TestRunner.privateRun(TestRunner.java:767)
	at org.testng.TestRunner.run(TestRunner.java:617)
	at org.testng.SuiteRunner.runTest(SuiteRunner.java:334)
	at org.testng.SuiteRunner.runSequentially(SuiteRunner.java:329)
	at org.testng.SuiteRunner.privateRun(SuiteRunner.java:291)
	at org.testng.SuiteRunner.run(SuiteRunner.java:240)
	at org.testng.SuiteRunnerWorker.runSuite(SuiteRunnerWorker.java:52)
	at org.testng.SuiteRunnerWorker.run(SuiteRunnerWorker.java:86)
	at org.testng.TestNG.runSuitesSequentially(TestNG.java:1198)
	at org.testng.TestNG.runSuitesLocally(TestNG.java:1123)
	at org.testng.TestNG.run(TestNG.java:1031)
	at org.testng.remote.AbstractRemoteTestNG.run(AbstractRemoteTestNG.java:114)
	at org.testng.remote.RemoteTestNG.initAndRun(RemoteTestNG.java:251)
	at org.testng.remote.RemoteTestNG.main(RemoteTestNG.java:77)
]]>
            </full-stacktrace>
          </exception> <!-- org.testng.TestNGException -->
          <reporter-output>
          </reporter-output>
        </test-method> <!-- beforeMethod -->
        <test-method status="SKIP" signature="fb_Test(java.lang.String, java.lang.String, java.lang.String)[pri:0, instance:fb_gmail_TC.Fb_Gmail_TC@1753acfe]" name="fb_Test" duration-ms="22" started-at="2018-06-03T12:53:20Z" finished-at="2018-06-03T12:53:20Z">
          <params>
            <param index="0">
              <value>
                <![CDATA[TC001_Fb_LoginTest]]>
              </value>
            </param>
            <param index="1">
              <value>
                <![CDATA[0]]>
              </value>
            </param>
            <param index="2">
              <value>
                <![CDATA[/DDF/Resources/TestData.xlsx]]>
              </value>
            </param>
          </params>
          <reporter-output>
          </reporter-output>
        </test-method> <!-- fb_Test -->
        <test-method status="SKIP" signature="afterMethod()[pri:0, instance:fb_gmail_TC.Fb_Gmail_TC@1753acfe]" name="afterMethod" is-config="true" duration-ms="0" started-at="2018-06-03T12:53:20Z" finished-at="2018-06-03T12:53:20Z">
          <reporter-output>
          </reporter-output>
        </test-method> <!-- afterMethod -->
      </class> <!-- fb_gmail_TC.Fb_Gmail_TC -->
    </test> <!-- Test -->
  </suite> <!-- Suite -->
</testng-results>
